<?xml version="1.0" encoding="UTF-8"?>
<coverage generated="1610409429141" clover="3.2.0">
  <project timestamp="1610409429141" name="All files">
    <metrics statements="18" coveredstatements="18" conditionals="7" coveredconditionals="5" methods="4" coveredmethods="4" elements="29" coveredelements="27" complexity="0" loc="18" ncloc="18" packages="1" files="1" classes="1"/>
    <file name="hash-table.js" path="C:\Users\evgen\Downloads\hash\src\hash-table.js">
      <metrics statements="18" coveredstatements="18" conditionals="7" coveredconditionals="5" methods="4" coveredmethods="4"/>
      <line num="12" count="5" type="stmt"/>
      <line num="17" count="7" type="stmt"/>
      <line num="19" count="7" type="stmt"/>
      <line num="20" count="7" type="stmt"/>
      <line num="21" count="27" type="stmt"/>
      <line num="22" count="27" type="stmt"/>
      <line num="24" count="7" type="stmt"/>
      <line num="28" count="4" type="stmt"/>
      <line num="29" count="4" type="cond" truecount="1" falsecount="1"/>
      <line num="30" count="4" type="stmt"/>
      <line num="32" count="4" type="stmt"/>
      <line num="36" count="3" type="stmt"/>
      <line num="37" count="3" type="stmt"/>
      <line num="38" count="3" type="cond" truecount="2" falsecount="0"/>
      <line num="39" count="1" type="stmt"/>
      <line num="40" count="1" type="cond" truecount="1" falsecount="1"/>
      <line num="41" count="1" type="stmt"/>
      <line num="45" count="2" type="stmt"/>
    </file>
  </project>
</coverage>
