{"C:\\Users\\evgen\\Downloads\\hash\\src\\hash-table.js": {"path":"C:\\Users\\evgen\\Downloads\\hash\\src\\hash-table.js","statementMap":{"0":{"start":{"line":12,"column":6},"end":{"line":12,"column":36}},"1":{"start":{"line":17,"column":20},"end":{"line":17,"column":21}},"2":{"start":{"line":19,"column":20},"end":{"line":19,"column":22}},"3":{"start":{"line":20,"column":8},"end":{"line":23,"column":9}},"4":{"start":{"line":20,"column":19},"end":{"line":20,"column":20}},"5":{"start":{"line":21,"column":24},"end":{"line":21,"column":47}},"6":{"start":{"line":22,"column":12},"end":{"line":22,"column":59}},"7":{"start":{"line":24,"column":8},"end":{"line":24,"column":21}},"8":{"start":{"line":28,"column":20},"end":{"line":28,"column":34}},"9":{"start":{"line":29,"column":6},"end":{"line":31,"column":7}},"10":{"start":{"line":30,"column":8},"end":{"line":30,"column":31}},"11":{"start":{"line":32,"column":6},"end":{"line":32,"column":44}},"12":{"start":{"line":36,"column":22},"end":{"line":36,"column":36}},"13":{"start":{"line":37,"column":21},"end":{"line":37,"column":41}},"14":{"start":{"line":38,"column":6},"end":{"line":44,"column":7}},"15":{"start":{"line":39,"column":8},"end":{"line":43,"column":9}},"16":{"start":{"line":39,"column":21},"end":{"line":39,"column":22}},"17":{"start":{"line":40,"column":10},"end":{"line":42,"column":11}},"18":{"start":{"line":41,"column":12},"end":{"line":41,"column":32}},"19":{"start":{"line":45,"column":6},"end":{"line":45,"column":18}}},"fnMap":{"0":{"name":"(anonymous_0)","decl":{"start":{"line":11,"column":4},"end":{"line":11,"column":5}},"loc":{"start":{"line":11,"column":27},"end":{"line":13,"column":5}},"line":11},"1":{"name":"(anonymous_1)","decl":{"start":{"line":16,"column":4},"end":{"line":16,"column":5}},"loc":{"start":{"line":16,"column":14},"end":{"line":25,"column":5}},"line":16},"2":{"name":"(anonymous_2)","decl":{"start":{"line":27,"column":4},"end":{"line":27,"column":5}},"loc":{"start":{"line":27,"column":20},"end":{"line":33,"column":5}},"line":27},"3":{"name":"(anonymous_3)","decl":{"start":{"line":35,"column":4},"end":{"line":35,"column":5}},"loc":{"start":{"line":35,"column":13},"end":{"line":46,"column":5}},"line":35}},"branchMap":{"0":{"loc":{"start":{"line":11,"column":16},"end":{"line":11,"column":25}},"type":"default-arg","locations":[{"start":{"line":11,"column":23},"end":{"line":11,"column":25}}],"line":11},"1":{"loc":{"start":{"line":29,"column":6},"end":{"line":31,"column":7}},"type":"if","locations":[{"start":{"line":29,"column":6},"end":{"line":31,"column":7}},{"start":{"line":29,"column":6},"end":{"line":31,"column":7}}],"line":29},"2":{"loc":{"start":{"line":38,"column":6},"end":{"line":44,"column":7}},"type":"if","locations":[{"start":{"line":38,"column":6},"end":{"line":44,"column":7}},{"start":{"line":38,"column":6},"end":{"line":44,"column":7}}],"line":38},"3":{"loc":{"start":{"line":40,"column":10},"end":{"line":42,"column":11}},"type":"if","locations":[{"start":{"line":40,"column":10},"end":{"line":42,"column":11}},{"start":{"line":40,"column":10},"end":{"line":42,"column":11}}],"line":40}},"s":{"0":5,"1":7,"2":7,"3":7,"4":7,"5":27,"6":27,"7":7,"8":4,"9":4,"10":4,"11":4,"12":3,"13":3,"14":3,"15":1,"16":1,"17":1,"18":1,"19":2},"f":{"0":5,"1":7,"2":4,"3":3},"b":{"0":[5],"1":[4,0],"2":[1,2],"3":[1,0]},"_coverageSchema":"43e27e138ebf9cfc5966b082cf9a028302ed4184","hash":"fb2242ad403ccaa7f2fa0471e3b775440c0d3ff7"}
}
