{"C:\\Users\\evgen\\Downloads\\hash\\src\\hash-table.js": {"path":"C:\\Users\\evgen\\Downloads\\hash\\src\\hash-table.js","statementMap":{"0":{"start":{"line":10,"column":6},"end":{"line":10,"column":22}},"1":{"start":{"line":14,"column":6},"end":{"line":14,"column":60}},"2":{"start":{"line":18,"column":20},"end":{"line":18,"column":34}},"3":{"start":{"line":19,"column":6},"end":{"line":21,"column":7}},"4":{"start":{"line":20,"column":8},"end":{"line":20,"column":30}},"5":{"start":{"line":22,"column":6},"end":{"line":22,"column":43}},"6":{"start":{"line":26,"column":22},"end":{"line":26,"column":36}},"7":{"start":{"line":27,"column":21},"end":{"line":27,"column":40}},"8":{"start":{"line":28,"column":6},"end":{"line":34,"column":7}},"9":{"start":{"line":29,"column":8},"end":{"line":33,"column":9}},"10":{"start":{"line":29,"column":21},"end":{"line":29,"column":22}},"11":{"start":{"line":30,"column":10},"end":{"line":32,"column":11}},"12":{"start":{"line":31,"column":12},"end":{"line":31,"column":32}},"13":{"start":{"line":35,"column":6},"end":{"line":35,"column":18}}},"fnMap":{"0":{"name":"(anonymous_0)","decl":{"start":{"line":9,"column":4},"end":{"line":9,"column":5}},"loc":{"start":{"line":9,"column":18},"end":{"line":11,"column":5}},"line":9},"1":{"name":"(anonymous_1)","decl":{"start":{"line":13,"column":4},"end":{"line":13,"column":5}},"loc":{"start":{"line":13,"column":14},"end":{"line":15,"column":5}},"line":13},"2":{"name":"(anonymous_2)","decl":{"start":{"line":17,"column":4},"end":{"line":17,"column":5}},"loc":{"start":{"line":17,"column":20},"end":{"line":23,"column":5}},"line":17},"3":{"name":"(anonymous_3)","decl":{"start":{"line":25,"column":4},"end":{"line":25,"column":5}},"loc":{"start":{"line":25,"column":13},"end":{"line":36,"column":5}},"line":25}},"branchMap":{"0":{"loc":{"start":{"line":19,"column":6},"end":{"line":21,"column":7}},"type":"if","locations":[{"start":{"line":19,"column":6},"end":{"line":21,"column":7}},{"start":{"line":19,"column":6},"end":{"line":21,"column":7}}],"line":19},"1":{"loc":{"start":{"line":28,"column":6},"end":{"line":34,"column":7}},"type":"if","locations":[{"start":{"line":28,"column":6},"end":{"line":34,"column":7}},{"start":{"line":28,"column":6},"end":{"line":34,"column":7}}],"line":28},"2":{"loc":{"start":{"line":30,"column":10},"end":{"line":32,"column":11}},"type":"if","locations":[{"start":{"line":30,"column":10},"end":{"line":32,"column":11}},{"start":{"line":30,"column":10},"end":{"line":32,"column":11}}],"line":30}},"s":{"0":7,"1":10,"2":5,"3":5,"4":3,"5":5,"6":3,"7":3,"8":3,"9":2,"10":2,"11":3,"12":1,"13":2},"f":{"0":7,"1":10,"2":5,"3":3},"b":{"0":[3,2],"1":[2,1],"2":[1,2]},"_coverageSchema":"43e27e138ebf9cfc5966b082cf9a028302ed4184","hash":"e74cca343c27304363b4af5a8168abfa2db8f2e9"}
}
