TN:
SF:C:\Users\evgen\Downloads\hash\src\hash-table.js
FN:11,(anonymous_0)
FN:16,(anonymous_1)
FN:27,(anonymous_2)
FN:35,(anonymous_3)
FNF:4
FNH:4
FNDA:5,(anonymous_0)
FNDA:7,(anonymous_1)
FNDA:4,(anonymous_2)
FNDA:3,(anonymous_3)
DA:12,5
DA:17,7
DA:19,7
DA:20,7
DA:21,27
DA:22,27
DA:24,7
DA:28,4
DA:29,4
DA:30,4
DA:32,4
DA:36,3
DA:37,3
DA:38,3
DA:39,1
DA:40,1
DA:41,1
DA:45,2
LF:18
LH:18
BRDA:11,0,0,5
BRDA:29,1,0,4
BRDA:29,1,1,0
BRDA:38,2,0,1
BRDA:38,2,1,2
BRDA:40,3,0,1
BRDA:40,3,1,0
BRF:7
BRH:5
end_of_record
